Flow report for FenPinQi
Wed Jan 07 08:50:18 2015
Quartus II Version 9.1 Build 222 10/21/2009 SJ Full Version


---------------------
; Table of Contents ;
---------------------
  1. Legal Notice
  2. Flow Summary
  3. Flow Settings
  4. Flow Non-Default Global Settings
  5. Flow Elapsed Time
  6. Flow OS Summary
  7. Flow Log



----------------
; Legal Notice ;
----------------
Copyright (C) 1991-2009 Altera Corporation
Your use of Altera Corporation's design tools, logic functions 
and other software and tools, and its AMPP partner logic 
functions, and any output files from any of the foregoing 
(including device programming or simulation files), and any 
associated documentation or information are expressly subject 
to the terms and conditions of the Altera Program License 
Subscription Agreement, Altera MegaCore Function License 
Agreement, or other applicable license agreement, including, 
without limitation, that your use is for the sole purpose of 
programming logic devices manufactured by Altera and sold by 
Altera or its authorized distributors.  Please refer to the 
applicable agreement for further details.



+-------------------------------------------------------------------------------+
; Flow Summary                                                                  ;
+------------------------------------+------------------------------------------+
; Flow Status                        ; Successful - Wed Jan 07 08:50:18 2015    ;
; Quartus II Version                 ; 9.1 Build 222 10/21/2009 SJ Full Version ;
; Revision Name                      ; FenPinQi                                 ;
; Top-level Entity Name              ; FENPINQI                                 ;
; Family                             ; Cyclone II                               ;
; Met timing requirements            ; Yes                                      ;
; Total logic elements               ; 22 / 4,608 ( < 1 % )                     ;
;     Total combinational functions  ; 21 / 4,608 ( < 1 % )                     ;
;     Dedicated logic registers      ; 15 / 4,608 ( < 1 % )                     ;
; Total registers                    ; 15                                       ;
; Total pins                         ; 5 / 89 ( 6 % )                           ;
; Total virtual pins                 ; 0                                        ;
; Total memory bits                  ; 0 / 119,808 ( 0 % )                      ;
; Embedded Multiplier 9-bit elements ; 0 / 26 ( 0 % )                           ;
; Total PLLs                         ; 0 / 2 ( 0 % )                            ;
; Device                             ; EP2C5T144C6                              ;
; Timing Models                      ; Final                                    ;
+------------------------------------+------------------------------------------+


+-----------------------------------------+
; Flow Settings                           ;
+-------------------+---------------------+
; Option            ; Setting             ;
+-------------------+---------------------+
; Start date & time ; 01/07/2015 08:50:11 ;
; Main task         ; Compilation         ;
; Revision Name     ; FenPinQi            ;
+-------------------+---------------------+


+------------------------------------------------------------------------------------------------------------------------------+
; Flow Non-Default Global Settings                                                                                             ;
+---------------------------------------+---------------------------------------+---------------+-------------+----------------+
; Assignment Name                       ; Value                                 ; Default Value ; Entity Name ; Section Id     ;
+---------------------------------------+---------------------------------------+---------------+-------------+----------------+
; COMPILER_SIGNATURE_ID                 ; 1099298789881.142059181104156         ; --            ; --          ; --             ;
; EDA_OUTPUT_DATA_FORMAT                ; Vhdl                                  ; --            ; --          ; eda_simulation ;
; EDA_SIMULATION_TOOL                   ; ModelSim-Altera (VHDL)                ; <None>        ; --          ; --             ;
; PARTITION_COLOR                       ; 16764057                              ; --            ; --          ; Top            ;
; PARTITION_FITTER_PRESERVATION_LEVEL   ; PLACEMENT_AND_ROUTING                 ; --            ; --          ; Top            ;
; PARTITION_NETLIST_TYPE                ; SOURCE                                ; --            ; --          ; Top            ;
; POWER_BOARD_THERMAL_MODEL             ; None (CONSERVATIVE)                   ; --            ; --          ; --             ;
; POWER_PRESET_COOLING_SOLUTION         ; 23 MM HEAT SINK WITH 200 LFPM AIRFLOW ; --            ; --          ; --             ;
; PROJECT_OUTPUT_DIRECTORY              ; output_files                          ; --            ; --          ; --             ;
; SYNCHRONIZATION_REGISTER_CHAIN_LENGTH ; 2                                     ; 3             ; --          ; --             ;
+---------------------------------------+---------------------------------------+---------------+-------------+----------------+


+-----------------------------------------------------------------------------------------------------------------------------+
; Flow Elapsed Time                                                                                                           ;
+-------------------------+--------------+-------------------------+---------------------+------------------------------------+
; Module Name             ; Elapsed Time ; Average Processors Used ; Peak Virtual Memory ; Total CPU Time (on all processors) ;
+-------------------------+--------------+-------------------------+---------------------+------------------------------------+
; Analysis & Synthesis    ; 00:00:01     ; 1.0                     ; 240 MB              ; 00:00:01                           ;
; Fitter                  ; 00:00:01     ; 1.0                     ; 233 MB              ; 00:00:02                           ;
; Assembler               ; 00:00:00     ; 1.0                     ; 178 MB              ; 00:00:00                           ;
; Classic Timing Analyzer ; 00:00:00     ; 1.0                     ; 164 MB              ; 00:00:00                           ;
; EDA Netlist Writer      ; 00:00:01     ; 1.0                     ; 182 MB              ; 00:00:00                           ;
; Total                   ; 00:00:03     ; --                      ; --                  ; 00:00:03                           ;
+-------------------------+--------------+-------------------------+---------------------+------------------------------------+


+------------------------------------------------------------------------------------------+
; Flow OS Summary                                                                          ;
+-------------------------+------------------+---------------+------------+----------------+
; Module Name             ; Machine Hostname ; OS Name       ; OS Version ; Processor type ;
+-------------------------+------------------+---------------+------------+----------------+
; Analysis & Synthesis    ; PC201404150064   ; Windows Vista ; 6.2        ; x86_64         ;
; Fitter                  ; PC201404150064   ; Windows Vista ; 6.2        ; x86_64         ;
; Assembler               ; PC201404150064   ; Windows Vista ; 6.2        ; x86_64         ;
; Classic Timing Analyzer ; PC201404150064   ; Windows Vista ; 6.2        ; x86_64         ;
; EDA Netlist Writer      ; PC201404150064   ; Windows Vista ; 6.2        ; x86_64         ;
+-------------------------+------------------+---------------+------------+----------------+


------------
; Flow Log ;
------------
quartus_map --read_settings_files=on --write_settings_files=off FenPinQi -c FenPinQi
quartus_fit --read_settings_files=off --write_settings_files=off FenPinQi -c FenPinQi
quartus_asm --read_settings_files=off --write_settings_files=off FenPinQi -c FenPinQi
quartus_tan --read_settings_files=off --write_settings_files=off FenPinQi -c FenPinQi --timing_analysis_only
quartus_eda --read_settings_files=off --write_settings_files=off FenPinQi -c FenPinQi



