Analysis & Synthesis report for TOP
Sat Jan 03 11:59:52 2015
Quartus II 64-Bit Version 13.0.1 Build 232 06/12/2013 Service Pack 1 SJ Full Version


---------------------
; Table of Contents ;
---------------------
  1. Legal Notice
  2. Analysis & Synthesis Summary
  3. Analysis & Synthesis Settings
  4. Parallel Compilation
  5. Analysis & Synthesis Source Files Read
  6. Analysis & Synthesis Resource Usage Summary
  7. Analysis & Synthesis Resource Utilization by Entity
  8. Registers Removed During Synthesis
  9. Removed Registers Triggering Further Register Optimizations
 10. General Register Statistics
 11. Elapsed Time Per Partition
 12. Analysis & Synthesis Messages



----------------
; Legal Notice ;
----------------
Copyright (C) 1991-2013 Altera Corporation
Your use of Altera Corporation's design tools, logic functions 
and other software and tools, and its AMPP partner logic 
functions, and any output files from any of the foregoing 
(including device programming or simulation files), and any 
associated documentation or information are expressly subject 
to the terms and conditions of the Altera Program License 
Subscription Agreement, Altera MegaCore Function License 
Agreement, or other applicable license agreement, including, 
without limitation, that your use is for the sole purpose of 
programming logic devices manufactured by Altera and sold by 
Altera or its authorized distributors.  Please refer to the 
applicable agreement for further details.



+---------------------------------------------------------------------------------------+
; Analysis & Synthesis Summary                                                          ;
+------------------------------------+--------------------------------------------------+
; Analysis & Synthesis Status        ; Successful - Sat Jan 03 11:59:52 2015            ;
; Quartus II 64-Bit Version          ; 13.0.1 Build 232 06/12/2013 SP 1 SJ Full Version ;
; Revision Name                      ; TOP                                              ;
; Top-level Entity Name              ; TOP                                              ;
; Family                             ; Cyclone IV GX                                    ;
; Total logic elements               ; 0                                                ;
;     Total combinational functions  ; 0                                                ;
;     Dedicated logic registers      ; 0                                                ;
; Total registers                    ; 0                                                ;
; Total pins                         ; 12                                               ;
; Total virtual pins                 ; 0                                                ;
; Total memory bits                  ; 0                                                ;
; Embedded Multiplier 9-bit elements ; 0                                                ;
; Total GXB Receiver Channel PCS     ; 0                                                ;
; Total GXB Receiver Channel PMA     ; 0                                                ;
; Total GXB Transmitter Channel PCS  ; 0                                                ;
; Total GXB Transmitter Channel PMA  ; 0                                                ;
; Total PLLs                         ; 0                                                ;
+------------------------------------+--------------------------------------------------+


+----------------------------------------------------------------------------------------------------------------------+
; Analysis & Synthesis Settings                                                                                        ;
+----------------------------------------------------------------------------+--------------------+--------------------+
; Option                                                                     ; Setting            ; Default Value      ;
+----------------------------------------------------------------------------+--------------------+--------------------+
; Top-level entity name                                                      ; TOP                ; TOP                ;
; Family name                                                                ; Cyclone IV GX      ; Cyclone IV GX      ;
; Use smart compilation                                                      ; Off                ; Off                ;
; Enable parallel Assembler and TimeQuest Timing Analyzer during compilation ; On                 ; On                 ;
; Enable compact report table                                                ; Off                ; Off                ;
; Restructure Multiplexers                                                   ; Auto               ; Auto               ;
; Create Debugging Nodes for IP Cores                                        ; Off                ; Off                ;
; Preserve fewer node names                                                  ; On                 ; On                 ;
; Disable OpenCore Plus hardware evaluation                                  ; Off                ; Off                ;
; Verilog Version                                                            ; Verilog_2001       ; Verilog_2001       ;
; VHDL Version                                                               ; VHDL_1993          ; VHDL_1993          ;
; State Machine Processing                                                   ; Auto               ; Auto               ;
; Safe State Machine                                                         ; Off                ; Off                ;
; Extract Verilog State Machines                                             ; On                 ; On                 ;
; Extract VHDL State Machines                                                ; On                 ; On                 ;
; Ignore Verilog initial constructs                                          ; Off                ; Off                ;
; Iteration limit for constant Verilog loops                                 ; 5000               ; 5000               ;
; Iteration limit for non-constant Verilog loops                             ; 250                ; 250                ;
; Add Pass-Through Logic to Inferred RAMs                                    ; On                 ; On                 ;
; Infer RAMs from Raw Logic                                                  ; On                 ; On                 ;
; Parallel Synthesis                                                         ; On                 ; On                 ;
; DSP Block Balancing                                                        ; Auto               ; Auto               ;
; NOT Gate Push-Back                                                         ; On                 ; On                 ;
; Power-Up Don't Care                                                        ; On                 ; On                 ;
; Remove Redundant Logic Cells                                               ; Off                ; Off                ;
; Remove Duplicate Registers                                                 ; On                 ; On                 ;
; Ignore CARRY Buffers                                                       ; Off                ; Off                ;
; Ignore CASCADE Buffers                                                     ; Off                ; Off                ;
; Ignore GLOBAL Buffers                                                      ; Off                ; Off                ;
; Ignore ROW GLOBAL Buffers                                                  ; Off                ; Off                ;
; Ignore LCELL Buffers                                                       ; Off                ; Off                ;
; Ignore SOFT Buffers                                                        ; On                 ; On                 ;
; Limit AHDL Integers to 32 Bits                                             ; Off                ; Off                ;
; Optimization Technique                                                     ; Balanced           ; Balanced           ;
; Carry Chain Length                                                         ; 70                 ; 70                 ;
; Auto Carry Chains                                                          ; On                 ; On                 ;
; Auto Open-Drain Pins                                                       ; On                 ; On                 ;
; Perform WYSIWYG Primitive Resynthesis                                      ; Off                ; Off                ;
; Auto ROM Replacement                                                       ; On                 ; On                 ;
; Auto RAM Replacement                                                       ; On                 ; On                 ;
; Auto DSP Block Replacement                                                 ; On                 ; On                 ;
; Auto Shift Register Replacement                                            ; Auto               ; Auto               ;
; Allow Shift Register Merging across Hierarchies                            ; Auto               ; Auto               ;
; Auto Clock Enable Replacement                                              ; On                 ; On                 ;
; Strict RAM Replacement                                                     ; Off                ; Off                ;
; Allow Synchronous Control Signals                                          ; On                 ; On                 ;
; Force Use of Synchronous Clear Signals                                     ; Off                ; Off                ;
; Auto RAM Block Balancing                                                   ; On                 ; On                 ;
; Auto RAM to Logic Cell Conversion                                          ; Off                ; Off                ;
; Auto Resource Sharing                                                      ; Off                ; Off                ;
; Allow Any RAM Size For Recognition                                         ; Off                ; Off                ;
; Allow Any ROM Size For Recognition                                         ; Off                ; Off                ;
; Allow Any Shift Register Size For Recognition                              ; Off                ; Off                ;
; Use LogicLock Constraints during Resource Balancing                        ; On                 ; On                 ;
; Ignore translate_off and synthesis_off directives                          ; Off                ; Off                ;
; Timing-Driven Synthesis                                                    ; On                 ; On                 ;
; Report Parameter Settings                                                  ; On                 ; On                 ;
; Report Source Assignments                                                  ; On                 ; On                 ;
; Report Connectivity Checks                                                 ; On                 ; On                 ;
; Ignore Maximum Fan-Out Assignments                                         ; Off                ; Off                ;
; Synchronization Register Chain Length                                      ; 2                  ; 2                  ;
; PowerPlay Power Optimization                                               ; Normal compilation ; Normal compilation ;
; HDL message level                                                          ; Level2             ; Level2             ;
; Suppress Register Optimization Related Messages                            ; Off                ; Off                ;
; Number of Removed Registers Reported in Synthesis Report                   ; 5000               ; 5000               ;
; Number of Swept Nodes Reported in Synthesis Report                         ; 5000               ; 5000               ;
; Number of Inverted Registers Reported in Synthesis Report                  ; 100                ; 100                ;
; Clock MUX Protection                                                       ; On                 ; On                 ;
; Auto Gated Clock Conversion                                                ; Off                ; Off                ;
; Block Design Naming                                                        ; Auto               ; Auto               ;
; SDC constraint protection                                                  ; Off                ; Off                ;
; Synthesis Effort                                                           ; Auto               ; Auto               ;
; Shift Register Replacement - Allow Asynchronous Clear Signal               ; On                 ; On                 ;
; Pre-Mapping Resynthesis Optimization                                       ; Off                ; Off                ;
; Analysis & Synthesis Message Level                                         ; Medium             ; Medium             ;
; Disable Register Merging Across Hierarchies                                ; Auto               ; Auto               ;
; Resource Aware Inference For Block RAM                                     ; On                 ; On                 ;
; Synthesis Seed                                                             ; 1                  ; 1                  ;
+----------------------------------------------------------------------------+--------------------+--------------------+


+------------------------------------------+
; Parallel Compilation                     ;
+----------------------------+-------------+
; Processors                 ; Number      ;
+----------------------------+-------------+
; Number detected on machine ; 4           ;
; Maximum allowed            ; 2           ;
;                            ;             ;
; Average used               ; 1.00        ;
; Maximum used               ; 1           ;
;                            ;             ;
; Usage by Processor         ; % Time Used ;
;     Processor 1            ; 100.0%      ;
;     Processors 2-4         ;   0.0%      ;
+----------------------------+-------------+


+------------------------------------------------------------------------------------------------------------------------------------------------------------+
; Analysis & Synthesis Source Files Read                                                                                                                     ;
+----------------------------------------+-----------------+------------------------------------+--------------------------------------------------+---------+
; File Name with User-Entered Path       ; Used in Netlist ; File Type                          ; File Name with Absolute Path                     ; Library ;
+----------------------------------------+-----------------+------------------------------------+--------------------------------------------------+---------+
; ../ZhuShui/ZhuShui.vhd                 ; yes             ; User VHDL File                     ; I:/MyProject/ZhuShui/ZhuShui.vhd                 ;         ;
; ../ShiZhongXianShi/ShiZhongXianShi.vhd ; yes             ; User VHDL File                     ; I:/MyProject/ShiZhongXianShi/ShiZhongXianShi.vhd ;         ;
; ../ShiZhongJiShu/ShiZhongJiShu.vhd     ; yes             ; User VHDL File                     ; I:/MyProject/ShiZhongJiShu/ShiZhongJiShu.vhd     ;         ;
; ../LED/LED.vhd                         ; yes             ; User VHDL File                     ; I:/MyProject/LED/LED.vhd                         ;         ;
; ../KongZhi/KongZhi.vhd                 ; yes             ; User VHDL File                     ; I:/MyProject/KongZhi/KongZhi.vhd                 ;         ;
; ../FenPinQi/FenPinQi.vhd               ; yes             ; User VHDL File                     ; I:/MyProject/FenPinQi/FenPinQi.vhd               ;         ;
; ../FengMingQi/FengMingQi.vhd           ; yes             ; User VHDL File                     ; I:/MyProject/FengMingQi/FengMingQi.vhd           ;         ;
; ../FangDou/FangDou.vhd                 ; yes             ; User VHDL File                     ; I:/MyProject/FangDou/FangDou.vhd                 ;         ;
; TOP.bdf                                ; yes             ; User Block Diagram/Schematic File  ; I:/MyProject/TOP/TOP.bdf                         ;         ;
+----------------------------------------+-----------------+------------------------------------+--------------------------------------------------+---------+


+----------------------------------------------+
; Analysis & Synthesis Resource Usage Summary  ;
+--------------------------+-------------------+
; Resource                 ; Usage             ;
+--------------------------+-------------------+
; I/O pins                 ; 12                ;
; DSP block 9-bit elements ; 0                 ;
; Maximum fan-out node     ; FengMingQi~output ;
; Maximum fan-out          ; 1                 ;
; Total fan-out            ; 12                ;
; Average fan-out          ; 0.50              ;
+--------------------------+-------------------+


+-----------------------------------------------------------------------------------------------------------------------------------------------------------------------------------------+
; Analysis & Synthesis Resource Utilization by Entity                                                                                                                                     ;
+----------------------------+-------------------+--------------+-------------+--------------+---------+-----------+-----------+------+--------------+---------------------+--------------+
; Compilation Hierarchy Node ; LC Combinationals ; LC Registers ; Memory Bits ; DSP Elements ; DSP 9x9 ; DSP 18x18 ; DSP 36x36 ; Pins ; Virtual Pins ; Full Hierarchy Name ; Library Name ;
+----------------------------+-------------------+--------------+-------------+--------------+---------+-----------+-----------+------+--------------+---------------------+--------------+
; |TOP                       ; 0 (0)             ; 0 (0)        ; 0           ; 0            ; 0       ; 0         ; 0         ; 12   ; 0            ; |TOP                ; work         ;
+----------------------------+-------------------+--------------+-------------+--------------+---------+-----------+-----------+------+--------------+---------------------+--------------+
Note: For table entries with two numbers listed, the numbers in parentheses indicate the number of resources of the given type used by the specific entity alone. The numbers listed outside of parentheses indicate the total resources of the given type used by the specific entity and all of its sub-entities in the hierarchy.


+--------------------------------------------------------------------------------------+
; Registers Removed During Synthesis                                                   ;
+----------------------------------------+---------------------------------------------+
; Register name                          ; Reason for Removal                          ;
+----------------------------------------+---------------------------------------------+
; SHIZHONGJISHU:inst4|PROCESS_END        ; Stuck at GND due to stuck port clock_enable ;
; SHIZHONGJISHU:inst4|S2[0..3]           ; Stuck at VCC due to stuck port aload        ;
; SHIZHONGJISHU:inst4|S1[0..3]           ; Stuck at VCC due to stuck port aload        ;
; SHIZHONGJISHU:inst4|M2[0..3]           ; Stuck at VCC due to stuck port aload        ;
; SHIZHONGJISHU:inst4|M1[0..3]           ; Stuck at VCC due to stuck port aload        ;
; SHIZHONGJISHU:inst4|H2[0..3]           ; Stuck at VCC due to stuck port aload        ;
; FangDou:inst|UP                        ; Lost fanout                                 ;
; FangDou:inst|DOWN                      ; Lost fanout                                 ;
; FENGMINGQI:inst1|COUNT[0..2]           ; Stuck at GND due to stuck port clear        ;
; FangDou:inst|GC                        ; Lost fanout                                 ;
; FangDou:inst|SW                        ; Lost fanout                                 ;
; FangDou:inst|MS                        ; Lost fanout                                 ;
; FangDou:inst|DY                        ; Lost fanout                                 ;
; FangDou:inst|DATA7                     ; Lost fanout                                 ;
; FangDou:inst|TEMP7[0..3]               ; Lost fanout                                 ;
; FangDou:inst|DATA6                     ; Lost fanout                                 ;
; FangDou:inst|TEMP6[0..3]               ; Lost fanout                                 ;
; FangDou:inst|DATA5                     ; Lost fanout                                 ;
; FangDou:inst|TEMP5[0..3]               ; Lost fanout                                 ;
; FangDou:inst|DATA4                     ; Lost fanout                                 ;
; FangDou:inst|TEMP4[0..3]               ; Lost fanout                                 ;
; FangDou:inst|DATA2                     ; Lost fanout                                 ;
; FangDou:inst|TEMP2[0..3]               ; Lost fanout                                 ;
; FangDou:inst|DATA1                     ; Lost fanout                                 ;
; FangDou:inst|TEMP1[0..3]               ; Lost fanout                                 ;
; KONGZHI:inst5|CONTROLL                 ; Stuck at GND due to stuck port data_in      ;
; Total Number of Removed Registers = 61 ;                                             ;
+----------------------------------------+---------------------------------------------+


+--------------------------------------------------------------------------------------------------------------------------------+
; Removed Registers Triggering Further Register Optimizations                                                                    ;
+---------------------------+-------------------------+--------------------------------------------------------------------------+
; Register name             ; Reason for Removal      ; Registers Removed due to This Register                                   ;
+---------------------------+-------------------------+--------------------------------------------------------------------------+
; SHIZHONGJISHU:inst4|M2[3] ; Stuck at VCC            ; SHIZHONGJISHU:inst4|M1[1], SHIZHONGJISHU:inst4|M1[0], FangDou:inst|DOWN, ;
;                           ; due to stuck port aload ; FangDou:inst|DATA5, FangDou:inst|TEMP5[0], FangDou:inst|TEMP5[1],        ;
;                           ;                         ; FangDou:inst|TEMP5[2], FangDou:inst|TEMP5[3]                             ;
; FangDou:inst|UP           ; Lost Fanouts            ; FangDou:inst|DATA4, FangDou:inst|TEMP4[0], FangDou:inst|TEMP4[1],        ;
;                           ;                         ; FangDou:inst|TEMP4[2], FangDou:inst|TEMP4[3]                             ;
; SHIZHONGJISHU:inst4|M2[2] ; Stuck at VCC            ; SHIZHONGJISHU:inst4|M1[3], SHIZHONGJISHU:inst4|M1[2]                     ;
;                           ; due to stuck port aload ;                                                                          ;
; FangDou:inst|GC           ; Lost Fanouts            ; FangDou:inst|DATA1                                                       ;
; FangDou:inst|SW           ; Lost Fanouts            ; FangDou:inst|DATA2                                                       ;
; FangDou:inst|MS           ; Lost Fanouts            ; FangDou:inst|DATA6                                                       ;
; FangDou:inst|DY           ; Lost Fanouts            ; FangDou:inst|DATA7                                                       ;
+---------------------------+-------------------------+--------------------------------------------------------------------------+


+------------------------------------------------------+
; General Register Statistics                          ;
+----------------------------------------------+-------+
; Statistic                                    ; Value ;
+----------------------------------------------+-------+
; Total registers                              ; 0     ;
; Number of registers using Synchronous Clear  ; 0     ;
; Number of registers using Synchronous Load   ; 0     ;
; Number of registers using Asynchronous Clear ; 0     ;
; Number of registers using Asynchronous Load  ; 0     ;
; Number of registers using Clock Enable       ; 0     ;
; Number of registers using Preset             ; 0     ;
+----------------------------------------------+-------+


+-------------------------------+
; Elapsed Time Per Partition    ;
+----------------+--------------+
; Partition Name ; Elapsed Time ;
+----------------+--------------+
; Top            ; 00:00:00     ;
+----------------+--------------+


+-------------------------------+
; Analysis & Synthesis Messages ;
+-------------------------------+
Info: *******************************************************************
Info: Running Quartus II 64-Bit Analysis & Synthesis
    Info: Version 13.0.1 Build 232 06/12/2013 Service Pack 1 SJ Full Version
    Info: Processing started: Sat Jan 03 11:59:50 2015
Info: Command: quartus_map --read_settings_files=on --write_settings_files=off TOP -c TOP
Info (11104): Parallel Compilation has detected 4 hyper-threaded processors. However, the extra hyper-threaded processors will not be used by default. Parallel Compilation will use 2 of the 2 physical processors detected instead.
Info (12021): Found 2 design units, including 1 entities, in source file /myproject/zhushui/zhushui.vhd
    Info (12022): Found design unit 1: ZHUSHUI-Z
    Info (12023): Found entity 1: ZHUSHUI
Info (12021): Found 2 design units, including 1 entities, in source file /myproject/shizhongxianshi/shizhongxianshi.vhd
    Info (12022): Found design unit 1: SHIZHONGXIANSHI-S
    Info (12023): Found entity 1: SHIZHONGXIANSHI
Info (12021): Found 2 design units, including 1 entities, in source file /myproject/shizhongjishu/shizhongjishu.vhd
    Info (12022): Found design unit 1: SHIZHONGJISHU-S
    Info (12023): Found entity 1: SHIZHONGJISHU
Info (12021): Found 2 design units, including 1 entities, in source file /myproject/led/led.vhd
    Info (12022): Found design unit 1: LED-L
    Info (12023): Found entity 1: LED
Info (12021): Found 2 design units, including 1 entities, in source file /myproject/kongzhi/kongzhi.vhd
    Info (12022): Found design unit 1: KONGZHI-K
    Info (12023): Found entity 1: KONGZHI
Info (12021): Found 2 design units, including 1 entities, in source file /myproject/fenpinqi/fenpinqi.vhd
    Info (12022): Found design unit 1: FENPINQI-F
    Info (12023): Found entity 1: FENPINQI
Info (12021): Found 2 design units, including 1 entities, in source file /myproject/fengmingqi/fengmingqi.vhd
    Info (12022): Found design unit 1: FENGMINGQI-F
    Info (12023): Found entity 1: FENGMINGQI
Info (12021): Found 2 design units, including 1 entities, in source file /myproject/fangdou/fangdou.vhd
    Info (12022): Found design unit 1: FangDou-F
    Info (12023): Found entity 1: FangDou
Info (12021): Found 1 design units, including 1 entities, in source file top.bdf
    Info (12023): Found entity 1: TOP
Info (12127): Elaborating entity "TOP" for the top level hierarchy
Info (12128): Elaborating entity "FENGMINGQI" for hierarchy "FENGMINGQI:inst1"
Warning (10492): VHDL Process Statement warning at FengMingQi.vhd(21): signal "COUNT" is read inside the Process Statement but isn't in the Process Statement's sensitivity list
Warning (10631): VHDL Process Statement warning at FengMingQi.vhd(15): inferring latch(es) for signal or variable "FOUT", which holds its previous value in one or more paths through the process
Info (10041): Inferred latch for "FOUT" at FengMingQi.vhd(15)
Info (12128): Elaborating entity "FENPINQI" for hierarchy "FENPINQI:inst2"
Info (12128): Elaborating entity "FangDou" for hierarchy "FangDou:inst"
Info (12128): Elaborating entity "SHIZHONGJISHU" for hierarchy "SHIZHONGJISHU:inst4"
Warning (10631): VHDL Process Statement warning at ShiZhongJiShu.vhd(19): inferring latch(es) for signal or variable "SET_LAST", which holds its previous value in one or more paths through the process
Warning (10631): VHDL Process Statement warning at ShiZhongJiShu.vhd(19): inferring latch(es) for signal or variable "UP_LAST", which holds its previous value in one or more paths through the process
Warning (10631): VHDL Process Statement warning at ShiZhongJiShu.vhd(19): inferring latch(es) for signal or variable "DOWN_LAST", which holds its previous value in one or more paths through the process
Info (10041): Inferred latch for "DOWN_LAST" at ShiZhongJiShu.vhd(19)
Info (10041): Inferred latch for "UP_LAST" at ShiZhongJiShu.vhd(19)
Info (10041): Inferred latch for "SET_LAST[0]" at ShiZhongJiShu.vhd(19)
Info (10041): Inferred latch for "SET_LAST[1]" at ShiZhongJiShu.vhd(19)
Info (12128): Elaborating entity "KONGZHI" for hierarchy "KONGZHI:inst5"
Warning (10492): VHDL Process Statement warning at KongZhi.vhd(22): signal "QT" is read inside the Process Statement but isn't in the Process Statement's sensitivity list
Warning (10492): VHDL Process Statement warning at KongZhi.vhd(22): signal "QT_LAST" is read inside the Process Statement but isn't in the Process Statement's sensitivity list
Warning (10492): VHDL Process Statement warning at KongZhi.vhd(22): signal "START" is read inside the Process Statement but isn't in the Process Statement's sensitivity list
Warning (10492): VHDL Process Statement warning at KongZhi.vhd(24): signal "QT" is read inside the Process Statement but isn't in the Process Statement's sensitivity list
Warning (10492): VHDL Process Statement warning at KongZhi.vhd(27): signal "START" is read inside the Process Statement but isn't in the Process Statement's sensitivity list
Warning (10492): VHDL Process Statement warning at KongZhi.vhd(28): signal "SW" is read inside the Process Statement but isn't in the Process Statement's sensitivity list
Warning (10492): VHDL Process Statement warning at KongZhi.vhd(28): signal "SW_LAST" is read inside the Process Statement but isn't in the Process Statement's sensitivity list
Warning (10492): VHDL Process Statement warning at KongZhi.vhd(29): signal "SW_MODE" is read inside the Process Statement but isn't in the Process Statement's sensitivity list
Warning (10492): VHDL Process Statement warning at KongZhi.vhd(31): signal "SW_MODE" is read inside the Process Statement but isn't in the Process Statement's sensitivity list
Warning (10492): VHDL Process Statement warning at KongZhi.vhd(33): signal "GC" is read inside the Process Statement but isn't in the Process Statement's sensitivity list
Warning (10492): VHDL Process Statement warning at KongZhi.vhd(33): signal "GC_LAST" is read inside the Process Statement but isn't in the Process Statement's sensitivity list
Warning (10492): VHDL Process Statement warning at KongZhi.vhd(34): signal "GC_MODE" is read inside the Process Statement but isn't in the Process Statement's sensitivity list
Warning (10492): VHDL Process Statement warning at KongZhi.vhd(36): signal "GC_MODE" is read inside the Process Statement but isn't in the Process Statement's sensitivity list
Warning (10492): VHDL Process Statement warning at KongZhi.vhd(38): signal "MS" is read inside the Process Statement but isn't in the Process Statement's sensitivity list
Warning (10492): VHDL Process Statement warning at KongZhi.vhd(38): signal "MS_LAST" is read inside the Process Statement but isn't in the Process Statement's sensitivity list
Warning (10492): VHDL Process Statement warning at KongZhi.vhd(39): signal "SET" is read inside the Process Statement but isn't in the Process Statement's sensitivity list
Warning (10492): VHDL Process Statement warning at KongZhi.vhd(41): signal "SET" is read inside the Process Statement but isn't in the Process Statement's sensitivity list
Warning (10492): VHDL Process Statement warning at KongZhi.vhd(44): signal "SW" is read inside the Process Statement but isn't in the Process Statement's sensitivity list
Warning (10492): VHDL Process Statement warning at KongZhi.vhd(45): signal "GC" is read inside the Process Statement but isn't in the Process Statement's sensitivity list
Warning (10492): VHDL Process Statement warning at KongZhi.vhd(46): signal "MS" is read inside the Process Statement but isn't in the Process Statement's sensitivity list
Warning (10492): VHDL Process Statement warning at KongZhi.vhd(48): signal "clk_1" is read inside the Process Statement but isn't in the Process Statement's sensitivity list
Warning (10492): VHDL Process Statement warning at KongZhi.vhd(106): signal "TIME_TEMP" is read inside the Process Statement but isn't in the Process Statement's sensitivity list
Warning (10631): VHDL Process Statement warning at KongZhi.vhd(20): inferring latch(es) for signal or variable "START", which holds its previous value in one or more paths through the process
Warning (10631): VHDL Process Statement warning at KongZhi.vhd(20): inferring latch(es) for signal or variable "SW_MODE", which holds its previous value in one or more paths through the process
Warning (10631): VHDL Process Statement warning at KongZhi.vhd(20): inferring latch(es) for signal or variable "GC_MODE", which holds its previous value in one or more paths through the process
Warning (10631): VHDL Process Statement warning at KongZhi.vhd(20): inferring latch(es) for signal or variable "SET", which holds its previous value in one or more paths through the process
Warning (10631): VHDL Process Statement warning at KongZhi.vhd(20): inferring latch(es) for signal or variable "SW_LAST", which holds its previous value in one or more paths through the process
Warning (10631): VHDL Process Statement warning at KongZhi.vhd(20): inferring latch(es) for signal or variable "GC_LAST", which holds its previous value in one or more paths through the process
Warning (10631): VHDL Process Statement warning at KongZhi.vhd(20): inferring latch(es) for signal or variable "MS_LAST", which holds its previous value in one or more paths through the process
Info (10041): Inferred latch for "MS_LAST" at KongZhi.vhd(20)
Info (10041): Inferred latch for "GC_LAST" at KongZhi.vhd(20)
Info (10041): Inferred latch for "SW_LAST" at KongZhi.vhd(20)
Info (10041): Inferred latch for "SET[0]" at KongZhi.vhd(20)
Info (10041): Inferred latch for "SET[1]" at KongZhi.vhd(20)
Info (10041): Inferred latch for "GC_MODE[0]" at KongZhi.vhd(20)
Info (10041): Inferred latch for "GC_MODE[1]" at KongZhi.vhd(20)
Info (10041): Inferred latch for "SW_MODE[0]" at KongZhi.vhd(20)
Info (10041): Inferred latch for "SW_MODE[1]" at KongZhi.vhd(20)
Info (10041): Inferred latch for "START" at KongZhi.vhd(20)
Info (12128): Elaborating entity "SHIZHONGXIANSHI" for hierarchy "SHIZHONGXIANSHI:inst3"
Info (12128): Elaborating entity "LED" for hierarchy "LED:inst6"
Warning (10631): VHDL Process Statement warning at LED.vhd(15): inferring latch(es) for signal or variable "GC_L", which holds its previous value in one or more paths through the process
Warning (10631): VHDL Process Statement warning at LED.vhd(15): inferring latch(es) for signal or variable "SW_L", which holds its previous value in one or more paths through the process
Warning (10631): VHDL Process Statement warning at LED.vhd(15): inferring latch(es) for signal or variable "MS_L", which holds its previous value in one or more paths through the process
Info (10041): Inferred latch for "MS_L[0]" at LED.vhd(15)
Info (10041): Inferred latch for "MS_L[1]" at LED.vhd(15)
Info (10041): Inferred latch for "MS_L[2]" at LED.vhd(15)
Info (10041): Inferred latch for "MS_L[3]" at LED.vhd(15)
Info (10041): Inferred latch for "SW_L[0]" at LED.vhd(15)
Info (10041): Inferred latch for "SW_L[1]" at LED.vhd(15)
Info (10041): Inferred latch for "SW_L[2]" at LED.vhd(15)
Info (10041): Inferred latch for "GC_L[0]" at LED.vhd(15)
Info (10041): Inferred latch for "GC_L[1]" at LED.vhd(15)
Info (10041): Inferred latch for "GC_L[2]" at LED.vhd(15)
Info (12128): Elaborating entity "ZHUSHUI" for hierarchy "ZHUSHUI:inst7"
Warning (14026): LATCH primitive "SHIZHONGJISHU:inst4|SET_LAST[0]" is permanently enabled
Warning (14026): LATCH primitive "SHIZHONGJISHU:inst4|UP_LAST" is permanently enabled
Warning (14026): LATCH primitive "SHIZHONGJISHU:inst4|DOWN_LAST" is permanently enabled
Warning (14026): LATCH primitive "SHIZHONGJISHU:inst4|SET_LAST[1]" is permanently enabled
Warning (14025): LATCH primitive "FENGMINGQI:inst1|FOUT" is permanently disabled
Warning (13024): Output pins are stuck at VCC or GND
    Warning (13410): Pin "FengMingQi" is stuck at GND
    Warning (13410): Pin "CONTROLL" is stuck at GND
Info (17049): 36 registers lost all their fanouts during netlist optimizations.
Info (16010): Generating hard_block partition "hard_block:auto_generated_inst"
    Info (16011): Adding 0 node(s), including 0 DDIO, 0 PLL, 0 transceiver and 0 LCELL
Warning (21074): Design contains 10 input pin(s) that do not drive logic
    Warning (15610): No output dependent on input pin "GuoCheng"
    Warning (15610): No output dependent on input pin "ShuiWei"
    Warning (15610): No output dependent on input pin "YuYue"
    Warning (15610): No output dependent on input pin "Up"
    Warning (15610): No output dependent on input pin "Down"
    Warning (15610): No output dependent on input pin "MuoShi"
    Warning (15610): No output dependent on input pin "DianYuan"
    Warning (15610): No output dependent on input pin "QiTing"
    Warning (15610): No output dependent on input pin "Reset"
    Warning (15610): No output dependent on input pin "clk"
Info (21057): Implemented 12 device resources after synthesis - the final resource count might be different
    Info (21058): Implemented 10 input pins
    Info (21059): Implemented 2 output pins
Info: Quartus II 64-Bit Analysis & Synthesis was successful. 0 errors, 56 warnings
    Info: Peak virtual memory: 535 megabytes
    Info: Processing ended: Sat Jan 03 11:59:52 2015
    Info: Elapsed time: 00:00:02
    Info: Total CPU time (on all processors): 00:00:02


