Flow report for ShiZhongXianShi
Wed Jan 07 09:54:37 2015
Quartus II 64-Bit Version 9.1 Build 222 10/21/2009 SJ Full Version


---------------------
; Table of Contents ;
---------------------
  1. Legal Notice
  2. Flow Summary
  3. Flow Settings
  4. Flow Non-Default Global Settings
  5. Flow Elapsed Time
  6. Flow OS Summary
  7. Flow Log



----------------
; Legal Notice ;
----------------
Copyright (C) 1991-2009 Altera Corporation
Your use of Altera Corporation's design tools, logic functions 
and other software and tools, and its AMPP partner logic 
functions, and any output files from any of the foregoing 
(including device programming or simulation files), and any 
associated documentation or information are expressly subject 
to the terms and conditions of the Altera Program License 
Subscription Agreement, Altera MegaCore Function License 
Agreement, or other applicable license agreement, including, 
without limitation, that your use is for the sole purpose of 
programming logic devices manufactured by Altera and sold by 
Altera or its authorized distributors.  Please refer to the 
applicable agreement for further details.



+-------------------------------------------------------------------------------+
; Flow Summary                                                                  ;
+------------------------------------+------------------------------------------+
; Flow Status                        ; Successful - Wed Jan 07 09:54:35 2015    ;
; Quartus II 64-Bit Version          ; 9.1 Build 222 10/21/2009 SJ Full Version ;
; Revision Name                      ; ShiZhongXianShi                          ;
; Top-level Entity Name              ; SHIZHONGXIANSHI                          ;
; Family                             ; Cyclone IV GX                            ;
; Met timing requirements            ; N/A                                      ;
; Total logic elements               ; 34 / 14,400 ( < 1 % )                    ;
;     Total combinational functions  ; 34 / 14,400 ( < 1 % )                    ;
;     Dedicated logic registers      ; 3 / 14,400 ( < 1 % )                     ;
; Total registers                    ; 0                                        ;
; Total pins                         ; 39 / 81 ( 48 % )                         ;
; Total virtual pins                 ; 0                                        ;
; Total memory bits                  ; 0 / 552,960 ( 0 % )                      ;
; Embedded Multiplier 9-bit elements ; 0                                        ;
; Total GXB Receiver Channel PCS     ; 0 / 2 ( 0 % )                            ;
; Total GXB Receiver Channel PMA     ; 0 / 2 ( 0 % )                            ;
; Total GXB Transmitter Channel PCS  ; 0 / 2 ( 0 % )                            ;
; Total GXB Transmitter Channel PMA  ; 0 / 2 ( 0 % )                            ;
; Total PLLs                         ; 0 / 3 ( 0 % )                            ;
; Device                             ; EP4CGX15BF14C6                           ;
; Timing Models                      ; Preliminary                              ;
+------------------------------------+------------------------------------------+


+-----------------------------------------+
; Flow Settings                           ;
+-------------------+---------------------+
; Option            ; Setting             ;
+-------------------+---------------------+
; Start date & time ; 01/07/2015 09:54:27 ;
; Main task         ; Compilation         ;
; Revision Name     ; ShiZhongXianShi     ;
+-------------------+---------------------+


+----------------------------------------------------------------------------------------------------------------+
; Flow Non-Default Global Settings                                                                               ;
+-------------------------------------+-------------------------------+---------------+-------------+------------+
; Assignment Name                     ; Value                         ; Default Value ; Entity Name ; Section Id ;
+-------------------------------------+-------------------------------+---------------+-------------+------------+
; COMPILER_SIGNATURE_ID               ; 1099298789881.142059566701276 ; --            ; --          ; --         ;
; PARTITION_COLOR                     ; 16764057                      ; --            ; --          ; Top        ;
; PARTITION_FITTER_PRESERVATION_LEVEL ; PLACEMENT_AND_ROUTING         ; --            ; --          ; Top        ;
; PARTITION_NETLIST_TYPE              ; SOURCE                        ; --            ; --          ; Top        ;
; PROJECT_OUTPUT_DIRECTORY            ; output_files                  ; --            ; --          ; --         ;
+-------------------------------------+-------------------------------+---------------+-------------+------------+


+-------------------------------------------------------------------------------------------------------------------------------+
; Flow Elapsed Time                                                                                                             ;
+---------------------------+--------------+-------------------------+---------------------+------------------------------------+
; Module Name               ; Elapsed Time ; Average Processors Used ; Peak Virtual Memory ; Total CPU Time (on all processors) ;
+---------------------------+--------------+-------------------------+---------------------+------------------------------------+
; Analysis & Synthesis      ; 00:00:02     ; 1.0                     ; 319 MB              ; 00:00:02                           ;
; Fitter                    ; 00:00:04     ; 1.0                     ; 385 MB              ; 00:00:05                           ;
; TimeQuest Timing Analyzer ; 00:00:02     ; 1.0                     ; 278 MB              ; 00:00:02                           ;
; Assembler                 ; 00:00:00     ; 1.0                     ; 224 MB              ; 00:00:00                           ;
; Total                     ; 00:00:08     ; --                      ; --                  ; 00:00:09                           ;
+---------------------------+--------------+-------------------------+---------------------+------------------------------------+


+--------------------------------------------------------------------------------------------+
; Flow OS Summary                                                                            ;
+---------------------------+------------------+---------------+------------+----------------+
; Module Name               ; Machine Hostname ; OS Name       ; OS Version ; Processor type ;
+---------------------------+------------------+---------------+------------+----------------+
; Analysis & Synthesis      ; PC201404150064   ; Windows Vista ; 6.2        ; x86_64         ;
; Fitter                    ; PC201404150064   ; Windows Vista ; 6.2        ; x86_64         ;
; Assembler                 ; PC201404150064   ; Windows Vista ; 6.2        ; x86_64         ;
; TimeQuest Timing Analyzer ; PC201404150064   ; Windows Vista ; 6.2        ; x86_64         ;
+---------------------------+------------------+---------------+------------+----------------+


------------
; Flow Log ;
------------
quartus_map --read_settings_files=on --write_settings_files=off ShiZhongXianShi -c ShiZhongXianShi
quartus_fit --read_settings_files=off --write_settings_files=off ShiZhongXianShi -c ShiZhongXianShi
quartus_asm --read_settings_files=off --write_settings_files=off ShiZhongXianShi -c ShiZhongXianShi
quartus_sta ShiZhongXianShi -c ShiZhongXianShi



